[   30723ms] [ERROR] Failed to load resource: the server responded with a status of 500 () @ https://kmprsxrofnemmsryjhfj.supabase.co/rest/v1/rpc/rpc_admin_auth_get_session:0
[   30724ms] [ERROR] Failed to fetch session memberships: unauthorized @ https://demo.vera-eval.app/assets/index-66219b0b.js:52
[   31302ms] [ERROR] Failed to load resource: the server responded with a status of 400 () @ https://kmprsxrofnemmsryjhfj.supabase.co/functions/v1/rpc-proxy:0
[   31318ms] [ERROR] Failed to load resource: the server responded with a status of 400 () @ https://kmprsxrofnemmsryjhfj.supabase.co/functions/v1/rpc-proxy:0
[  466115ms] [ERROR] Failed to load resource: the server responded with a status of 500 () @ https://kmprsxrofnemmsryjhfj.supabase.co/rest/v1/rpc/rpc_admin_auth_get_session:0
[  466116ms] [ERROR] Failed to fetch session memberships: unauthorized @ http://localhost:5175/src/shared/auth/AuthProvider.jsx:60
[  466449ms] [ERROR] Failed to load resource: the server responded with a status of 500 () @ https://kmprsxrofnemmsryjhfj.supabase.co/rest/v1/rpc/rpc_admin_application_get_mine:0
[  466451ms] [ERROR] Failed to load resource: the server responded with a status of 500 () @ https://kmprsxrofnemmsryjhfj.supabase.co/rest/v1/rpc/rpc_admin_application_get_mine:0
[  466461ms] [ERROR] Failed to load resource: the server responded with a status of 500 () @ https://kmprsxrofnemmsryjhfj.supabase.co/rest/v1/rpc/rpc_admin_profile_get:0
[  944107ms] [ERROR] Failed to load resource: the server responded with a status of 500 () @ https://kmprsxrofnemmsryjhfj.supabase.co/rest/v1/rpc/rpc_admin_auth_get_session:0
[  944108ms] [ERROR] Failed to fetch session memberships: unauthorized @ http://localhost:5175/src/shared/auth/AuthProvider.jsx:60
[  944270ms] [ERROR] Failed to load resource: the server responded with a status of 500 () @ https://kmprsxrofnemmsryjhfj.supabase.co/rest/v1/rpc/rpc_admin_profile_get:0
[  944278ms] [ERROR] Failed to load resource: the server responded with a status of 500 () @ https://kmprsxrofnemmsryjhfj.supabase.co/rest/v1/rpc/rpc_admin_application_get_mine:0
[  944288ms] [ERROR] Failed to load resource: the server responded with a status of 500 () @ https://kmprsxrofnemmsryjhfj.supabase.co/rest/v1/rpc/rpc_admin_application_get_mine:0
[ 1144977ms] [ERROR] Failed to load resource: the server responded with a status of 500 () @ https://kmprsxrofnemmsryjhfj.supabase.co/rest/v1/rpc/rpc_admin_auth_get_session:0
[ 1144978ms] [ERROR] Failed to fetch session memberships: unauthorized @ http://localhost:5176/src/shared/auth/AuthProvider.jsx:60
[ 1145223ms] [ERROR] Failed to load resource: the server responded with a status of 500 () @ https://kmprsxrofnemmsryjhfj.supabase.co/rest/v1/rpc/rpc_admin_application_get_mine:0
[ 1145256ms] [ERROR] Failed to load resource: the server responded with a status of 500 () @ https://kmprsxrofnemmsryjhfj.supabase.co/rest/v1/rpc/rpc_admin_application_get_mine:0
[ 1145291ms] [ERROR] Failed to load resource: the server responded with a status of 500 () @ https://kmprsxrofnemmsryjhfj.supabase.co/rest/v1/rpc/rpc_admin_profile_upsert:0
[15514370ms] [ERROR] Failed to load resource: the server responded with a status of 500 () @ https://kmprsxrofnemmsryjhfj.supabase.co/rest/v1/rpc/rpc_admin_auth_get_session:0
[15514371ms] [ERROR] Failed to fetch session memberships: unauthorized @ http://localhost:5180/src/shared/auth/AuthProvider.jsx:60
[15515683ms] [ERROR] Failed to load resource: the server responded with a status of 500 () @ https://kmprsxrofnemmsryjhfj.supabase.co/rest/v1/rpc/rpc_admin_application_get_mine:0
[15515749ms] [ERROR] Failed to load resource: the server responded with a status of 500 () @ https://kmprsxrofnemmsryjhfj.supabase.co/rest/v1/rpc/rpc_admin_application_get_mine:0
[15515768ms] [ERROR] Failed to load resource: the server responded with a status of 500 () @ https://kmprsxrofnemmsryjhfj.supabase.co/rest/v1/rpc/rpc_admin_profile_get:0
[15531848ms] [ERROR] Warning: validateDOMNesting(...): %s cannot appear as a descendant of <%s>.%s <button> button 
    at button
    at FastComponent (http://localhost:5180/node_modules/.vite/deps/chunk-GLJGNGUL.js?v=880e9be2:2269:22)
    at TooltipTrigger (http://localhost:5180/src/components/ui/tooltip.jsx:42:6)
    at FastComponent (http://localhost:5180/node_modules/.vite/deps/chunk-GLJGNGUL.js?v=880e9be2:2269:22)
    at Tooltip (http://localhost:5180/src/components/ui/tooltip.jsx:32:6)
    at SidebarMenuButton (http://localhost:5180/src/components/ui/sidebar.jsx:699:3)
    at button
    at CollapsibleTrigger2 (http://localhost:5180/node_modules/.vite/deps/@base-ui_react_collapsible.js?v=880e9be2:271:7)
    at CollapsibleTrigger (http://localhost:5180/src/components/ui/collapsible.jsx:29:6)
    at li
    at SidebarMenuItem (http://localhost:5180/src/components/ui/sidebar.jsx:656:3)
    at div
    at CollapsibleRoot2 (http://localhost:5180/node_modules/.vite/deps/@base-ui_react_collapsible.js?v=880e9be2:219:5)
    at Collapsible (http://localhost:5180/src/components/ui/collapsible.jsx:19:6)
    at ScoresCollapsible (http://localhost:5180/src/admin/layout/AdminSidebar.jsx:219:30)
    at ul
    at SidebarMenu (http://localhost:5180/src/components/ui/sidebar.jsx:633:3)
    at div
    at CollapsiblePanel2 (http://localhost:5180/node_modules/.vite/deps/@base-ui_react_collapsible.js?v=880e9be2:603:5)
    at CollapsibleContent (http://localhost:5180/src/components/ui/collapsible.jsx:39:6)
    at div
    at CollapsibleRoot2 (http://localhost:5180/node_modules/.vite/deps/@base-ui_react_collapsible.js?v=880e9be2:219:5)
    at Collapsible (http://localhost:5180/src/components/ui/collapsible.jsx:19:6)
    at div
    at SidebarGroup (http://localhost:5180/src/components/ui/sidebar.jsx:537:3)
    at CollapsibleNavSection (http://localhost:5180/src/admin/layout/AdminSidebar.jsx:328:34)
    at div
    at SidebarContent (http://localhost:5180/src/components/ui/sidebar.jsx:511:3)
    at div
    at div
    at div
    at Sidebar (http://localhost:5180/src/components/ui/sidebar.jsx:138:3)
    at AdminSidebar (http://localhost:5180/src/admin/layout/AdminSidebar.jsx:592:3)
    at div
    at SidebarProvider (http://localhost:5180/src/components/ui/sidebar.jsx:58:3)
    at AdminLayout (http://localhost:5180/src/admin/layout/AdminLayout.jsx:19:31)
    at AdminPanel (http://localhost:5180/src/AdminPanel.jsx:54:38)
    at div
    at ErrorBoundary (http://localhost:5180/src/shared/ErrorBoundary.jsx:10:5)
    at AppInner (http://localhost:5180/src/App.jsx:58:16)
    at AuthProvider (http://localhost:5180/src/shared/auth/AuthProvider.jsx:46:40)
    at App
    at ToastProvider (http://localhost:5180/src/components/toast/useToast.js:12:33)
    at ThemeProvider (http://localhost:5180/src/shared/theme/ThemeProvider.jsx:22:33) @ http://localhost:5180/node_modules/.vite/deps/chunk-WW4AH6NN.js?v=880e9be2:520
[15532553ms] [ERROR] Warning: React does not recognize the `%s` prop on a DOM element. If you intentionally want it to appear in the DOM as a custom attribute, spell it as lowercase `%s` instead. If you accidentally passed it from a parent component, remove it from the DOM element.%s asChild aschild 
    at button
    at FastComponent (http://localhost:5180/node_modules/.vite/deps/chunk-GLJGNGUL.js?v=880e9be2:2269:22)
    at TooltipTrigger (http://localhost:5180/src/components/ui/tooltip.jsx:42:6)
    at FastComponent (http://localhost:5180/node_modules/.vite/deps/chunk-GLJGNGUL.js?v=880e9be2:2269:22)
    at Tooltip (http://localhost:5180/src/components/ui/tooltip.jsx:32:6)
    at div
    at div
    at CardContent (http://localhost:5180/src/components/ui/card.jsx:144:3)
    at div
    at Card (http://localhost:5180/src/components/ui/card.jsx:20:3)
    at KpiCard (http://localhost:5180/src/admin/overview/KpiCard.jsx:60:3)
    at div
    at KpiGrid (http://localhost:5180/src/admin/overview/KpiGrid.jsx:18:35)
    at div
    at OverviewTab (http://localhost:5180/src/admin/OverviewTab.jsx:25:3)
    at div
    at main
    at SidebarInset (http://localhost:5180/src/components/ui/sidebar.jsx:394:3)
    at div
    at SidebarProvider (http://localhost:5180/src/components/ui/sidebar.jsx:58:3)
    at AdminLayout (http://localhost:5180/src/admin/layout/AdminLayout.jsx:19:31)
    at AdminPanel (http://localhost:5180/src/AdminPanel.jsx:54:38)
    at div
    at ErrorBoundary (http://localhost:5180/src/shared/ErrorBoundary.jsx:10:5)
    at AppInner (http://localhost:5180/src/App.jsx:58:16)
    at AuthProvider (http://localhost:5180/src/shared/auth/AuthProvider.jsx:46:40)
    at App
    at ToastProvider (http://localhost:5180/src/components/toast/useToast.js:12:33)
    at ThemeProvider (http://localhost:5180/src/shared/theme/ThemeProvider.jsx:22:33) @ http://localhost:5180/node_modules/.vite/deps/chunk-WW4AH6NN.js?v=880e9be2:520
[15535067ms] [ERROR] Warning: validateDOMNesting(...): %s cannot appear as a descendant of <%s>.%s <button> button 
    at button
    at FastComponent (http://localhost:5180/node_modules/.vite/deps/chunk-GLJGNGUL.js?v=880e9be2:2269:22)
    at TooltipTrigger (http://localhost:5180/src/components/ui/tooltip.jsx:42:6)
    at FastComponent (http://localhost:5180/node_modules/.vite/deps/chunk-GLJGNGUL.js?v=880e9be2:2269:22)
    at Tooltip (http://localhost:5180/src/components/ui/tooltip.jsx:32:6)
    at SidebarMenuButton (http://localhost:5180/src/components/ui/sidebar.jsx:699:3)
    at button
    at CollapsibleTrigger2 (http://localhost:5180/node_modules/.vite/deps/@base-ui_react_collapsible.js?v=880e9be2:271:7)
    at CollapsibleTrigger (http://localhost:5180/src/components/ui/collapsible.jsx:29:6)
    at li
    at SidebarMenuItem (http://localhost:5180/src/components/ui/sidebar.jsx:656:3)
    at div
    at CollapsibleRoot2 (http://localhost:5180/node_modules/.vite/deps/@base-ui_react_collapsible.js?v=880e9be2:219:5)
    at Collapsible (http://localhost:5180/src/components/ui/collapsible.jsx:19:6)
    at ScoresCollapsible (http://localhost:5180/src/admin/layout/AdminSidebar.jsx:219:30)
    at ul
    at SidebarMenu (http://localhost:5180/src/components/ui/sidebar.jsx:633:3)
    at div
    at CollapsiblePanel2 (http://localhost:5180/node_modules/.vite/deps/@base-ui_react_collapsible.js?v=880e9be2:603:5)
    at CollapsibleContent (http://localhost:5180/src/components/ui/collapsible.jsx:39:6)
    at div
    at CollapsibleRoot2 (http://localhost:5180/node_modules/.vite/deps/@base-ui_react_collapsible.js?v=880e9be2:219:5)
    at Collapsible (http://localhost:5180/src/components/ui/collapsible.jsx:19:6)
    at div
    at SidebarGroup (http://localhost:5180/src/components/ui/sidebar.jsx:537:3)
    at CollapsibleNavSection (http://localhost:5180/src/admin/layout/AdminSidebar.jsx:328:34)
    at div
    at SidebarContent (http://localhost:5180/src/components/ui/sidebar.jsx:511:3)
    at div
    at div
    at div
    at Sidebar (http://localhost:5180/src/components/ui/sidebar.jsx:138:3)
    at AdminSidebar (http://localhost:5180/src/admin/layout/AdminSidebar.jsx:592:3)
    at div
    at SidebarProvider (http://localhost:5180/src/components/ui/sidebar.jsx:58:3)
    at AdminLayout (http://localhost:5180/src/admin/layout/AdminLayout.jsx:19:31)
    at AdminPanel (http://localhost:5180/src/AdminPanel.jsx:54:38)
    at div
    at ErrorBoundary (http://localhost:5180/src/shared/ErrorBoundary.jsx:10:5)
    at AppInner (http://localhost:5180/src/App.jsx:58:16)
    at AuthProvider (http://localhost:5180/src/shared/auth/AuthProvider.jsx:46:40)
    at App
    at ToastProvider (http://localhost:5180/src/components/toast/useToast.js:12:33)
    at ThemeProvider (http://localhost:5180/src/shared/theme/ThemeProvider.jsx:22:33) @ http://localhost:5180/node_modules/.vite/deps/chunk-WW4AH6NN.js?v=880e9be2:520
[15535476ms] [ERROR] Warning: React does not recognize the `%s` prop on a DOM element. If you intentionally want it to appear in the DOM as a custom attribute, spell it as lowercase `%s` instead. If you accidentally passed it from a parent component, remove it from the DOM element.%s asChild aschild 
    at button
    at FastComponent (http://localhost:5180/node_modules/.vite/deps/chunk-GLJGNGUL.js?v=880e9be2:2269:22)
    at TooltipTrigger (http://localhost:5180/src/components/ui/tooltip.jsx:42:6)
    at FastComponent (http://localhost:5180/node_modules/.vite/deps/chunk-GLJGNGUL.js?v=880e9be2:2269:22)
    at Tooltip (http://localhost:5180/src/components/ui/tooltip.jsx:32:6)
    at div
    at div
    at CardContent (http://localhost:5180/src/components/ui/card.jsx:144:3)
    at div
    at Card (http://localhost:5180/src/components/ui/card.jsx:20:3)
    at KpiCard (http://localhost:5180/src/admin/overview/KpiCard.jsx:60:3)
    at div
    at KpiGrid (http://localhost:5180/src/admin/overview/KpiGrid.jsx:18:35)
    at div
    at OverviewTab (http://localhost:5180/src/admin/OverviewTab.jsx:25:3)
    at div
    at main
    at SidebarInset (http://localhost:5180/src/components/ui/sidebar.jsx:394:3)
    at div
    at SidebarProvider (http://localhost:5180/src/components/ui/sidebar.jsx:58:3)
    at AdminLayout (http://localhost:5180/src/admin/layout/AdminLayout.jsx:19:31)
    at AdminPanel (http://localhost:5180/src/AdminPanel.jsx:54:38)
    at div
    at ErrorBoundary (http://localhost:5180/src/shared/ErrorBoundary.jsx:10:5)
    at AppInner (http://localhost:5180/src/App.jsx:58:16)
    at AuthProvider (http://localhost:5180/src/shared/auth/AuthProvider.jsx:46:40)
    at App
    at ToastProvider (http://localhost:5180/src/components/toast/useToast.js:12:33)
    at ThemeProvider (http://localhost:5180/src/shared/theme/ThemeProvider.jsx:22:33) @ http://localhost:5180/node_modules/.vite/deps/chunk-WW4AH6NN.js?v=880e9be2:520
[15540259ms] [WARNING] Module "stream" has been externalized for browser compatibility. Cannot access "stream.Readable" in client code. See http://vitejs.dev/guide/troubleshooting.html#module-externalized-for-browser-compatibility for more details. @ http://localhost:5180/node_modules/.vite/deps/xlsx-js-style.js?v=880e9be2:3847
[15549994ms] [ERROR] Warning: validateDOMNesting(...): %s cannot appear as a descendant of <%s>.%s <button> button 
    at button
    at FastComponent (http://localhost:5180/node_modules/.vite/deps/chunk-GLJGNGUL.js?v=880e9be2:2269:22)
    at TooltipTrigger (http://localhost:5180/src/components/ui/tooltip.jsx:42:6)
    at FastComponent (http://localhost:5180/node_modules/.vite/deps/chunk-GLJGNGUL.js?v=880e9be2:2269:22)
    at Tooltip (http://localhost:5180/src/components/ui/tooltip.jsx:32:6)
    at SidebarMenuButton (http://localhost:5180/src/components/ui/sidebar.jsx:699:3)
    at button
    at CollapsibleTrigger2 (http://localhost:5180/node_modules/.vite/deps/@base-ui_react_collapsible.js?v=880e9be2:271:7)
    at CollapsibleTrigger (http://localhost:5180/src/components/ui/collapsible.jsx:29:6)
    at li
    at SidebarMenuItem (http://localhost:5180/src/components/ui/sidebar.jsx:656:3)
    at div
    at CollapsibleRoot2 (http://localhost:5180/node_modules/.vite/deps/@base-ui_react_collapsible.js?v=880e9be2:219:5)
    at Collapsible (http://localhost:5180/src/components/ui/collapsible.jsx:19:6)
    at ScoresCollapsible (http://localhost:5180/src/admin/layout/AdminSidebar.jsx:219:30)
    at ul
    at SidebarMenu (http://localhost:5180/src/components/ui/sidebar.jsx:633:3)
    at div
    at CollapsiblePanel2 (http://localhost:5180/node_modules/.vite/deps/@base-ui_react_collapsible.js?v=880e9be2:603:5)
    at CollapsibleContent (http://localhost:5180/src/components/ui/collapsible.jsx:39:6)
    at div
    at CollapsibleRoot2 (http://localhost:5180/node_modules/.vite/deps/@base-ui_react_collapsible.js?v=880e9be2:219:5)
    at Collapsible (http://localhost:5180/src/components/ui/collapsible.jsx:19:6)
    at div
    at SidebarGroup (http://localhost:5180/src/components/ui/sidebar.jsx:537:3)
    at CollapsibleNavSection (http://localhost:5180/src/admin/layout/AdminSidebar.jsx:328:34)
    at div
    at SidebarContent (http://localhost:5180/src/components/ui/sidebar.jsx:511:3)
    at div
    at div
    at div
    at Sidebar (http://localhost:5180/src/components/ui/sidebar.jsx:138:3)
    at AdminSidebar (http://localhost:5180/src/admin/layout/AdminSidebar.jsx:592:3)
    at div
    at SidebarProvider (http://localhost:5180/src/components/ui/sidebar.jsx:58:3)
    at AdminLayout (http://localhost:5180/src/admin/layout/AdminLayout.jsx:19:31)
    at AdminPanel (http://localhost:5180/src/AdminPanel.jsx:54:38)
    at div
    at ErrorBoundary (http://localhost:5180/src/shared/ErrorBoundary.jsx:10:5)
    at AppInner (http://localhost:5180/src/App.jsx:58:16)
    at AuthProvider (http://localhost:5180/src/shared/auth/AuthProvider.jsx:46:40)
    at App
    at ToastProvider (http://localhost:5180/src/components/toast/useToast.js:12:33)
    at ThemeProvider (http://localhost:5180/src/shared/theme/ThemeProvider.jsx:22:33) @ http://localhost:5180/node_modules/.vite/deps/chunk-WW4AH6NN.js?v=880e9be2:520
[15550317ms] [ERROR] Warning: React does not recognize the `%s` prop on a DOM element. If you intentionally want it to appear in the DOM as a custom attribute, spell it as lowercase `%s` instead. If you accidentally passed it from a parent component, remove it from the DOM element.%s asChild aschild 
    at button
    at FastComponent (http://localhost:5180/node_modules/.vite/deps/chunk-GLJGNGUL.js?v=880e9be2:2269:22)
    at TooltipTrigger (http://localhost:5180/src/components/ui/tooltip.jsx:42:6)
    at FastComponent (http://localhost:5180/node_modules/.vite/deps/chunk-GLJGNGUL.js?v=880e9be2:2269:22)
    at Tooltip (http://localhost:5180/src/components/ui/tooltip.jsx:32:6)
    at div
    at div
    at CardContent (http://localhost:5180/src/components/ui/card.jsx:144:3)
    at div
    at Card (http://localhost:5180/src/components/ui/card.jsx:20:3)
    at KpiCard (http://localhost:5180/src/admin/overview/KpiCard.jsx:60:3)
    at div
    at KpiGrid (http://localhost:5180/src/admin/overview/KpiGrid.jsx:18:35)
    at div
    at OverviewTab (http://localhost:5180/src/admin/OverviewTab.jsx:25:3)
    at div
    at main
    at SidebarInset (http://localhost:5180/src/components/ui/sidebar.jsx:394:3)
    at div
    at SidebarProvider (http://localhost:5180/src/components/ui/sidebar.jsx:58:3)
    at AdminLayout (http://localhost:5180/src/admin/layout/AdminLayout.jsx:19:31)
    at AdminPanel (http://localhost:5180/src/AdminPanel.jsx:54:38)
    at div
    at ErrorBoundary (http://localhost:5180/src/shared/ErrorBoundary.jsx:10:5)
    at AppInner (http://localhost:5180/src/App.jsx:58:16)
    at AuthProvider (http://localhost:5180/src/shared/auth/AuthProvider.jsx:46:40)
    at App
    at ToastProvider (http://localhost:5180/src/components/toast/useToast.js:12:33)
    at ThemeProvider (http://localhost:5180/src/shared/theme/ThemeProvider.jsx:22:33) @ http://localhost:5180/node_modules/.vite/deps/chunk-WW4AH6NN.js?v=880e9be2:520
[15578985ms] [WARNING] Module "stream" has been externalized for browser compatibility. Cannot access "stream.Readable" in client code. See http://vitejs.dev/guide/troubleshooting.html#module-externalized-for-browser-compatibility for more details. @ http://localhost:5180/node_modules/.vite/deps/xlsx-js-style.js?v=880e9be2:3847
